10-10-2021 09:31:48 INFO [Log]: Project Path is :C:\AutomationCatalogue\Eclipse\EclipseWorkspace\SquareShift_SagarChakilala
10-10-2021 09:32:13 INFO [Log]: Headline Title is :'New normal': 7 ways Singapore is moving towards living with COVID-19
10-10-2021 09:40:01 INFO [Log]: Project Path is :C:\AutomationCatalogue\Eclipse\EclipseWorkspace\SquareShift_SagarChakilala
10-10-2021 09:40:07 INFO [Log]: Complete webpage is loaded
10-10-2021 09:40:07 INFO [Log]: Headline Title is :'New normal': 7 ways Singapore is moving towards living with COVID-19
10-10-2021 09:40:28 INFO [Log]: Project Path is :C:\AutomationCatalogue\Eclipse\EclipseWorkspace\SquareShift_SagarChakilala
10-10-2021 09:40:33 INFO [Log]: Complete webpage is loaded
10-10-2021 09:40:33 INFO [Log]: Headline Title is :'New normal': 7 ways Singapore is moving towards living with COVID-19
10-10-2021 09:43:39 INFO [Log]: *****************************************************************
10-10-2021 09:43:39 INFO [Log]: **********TC01_ChannelNewsAsia************
10-10-2021 09:43:39 INFO [Log]: ******************************************************************
10-10-2021 09:43:39 INFO [Log]: Project Path is :C:\AutomationCatalogue\Eclipse\EclipseWorkspace\SquareShift_SagarChakilala
10-10-2021 09:43:45 INFO [Log]: Complete webpage is loaded
10-10-2021 09:43:45 INFO [Log]: Headline Title is :'New normal': 7 ways Singapore is moving towards living with COVID-19
10-10-2021 09:43:45 INFO [Log]: Browser is closed...!!!
10-10-2021 09:43:45 INFO [Log]: XXX---------E-N-D--------------XXX
10-10-2021 09:43:45 INFO [Log]: X
10-10-2021 09:43:45 INFO [Log]: X
10-10-2021 18:47:34 INFO [Log]: *****************************************************************
10-10-2021 18:47:34 INFO [Log]: **********TC01_ChannelNewsAsia************
10-10-2021 18:47:34 INFO [Log]: ******************************************************************
10-10-2021 18:47:34 INFO [Log]: Project Path is :C:\AutomationCatalogue\Eclipse\EclipseWorkspace\SquareShift_SagarChakilala
10-10-2021 18:47:36 INFO [Log]: Browser window maximized
10-10-2021 18:47:41 INFO [Log]: Complete webpage is loaded
10-10-2021 18:47:41 INFO [Log]: Headline Title is :One week grace period for vaccination-differentiated entry measures at shopping malls to be implemented
10-10-2021 18:47:41 INFO [Log]: Browser is closed...!!!
10-10-2021 18:47:41 INFO [Log]: XXX---------E-N-D--------------XXX
10-10-2021 18:47:41 INFO [Log]: X
10-10-2021 18:47:41 INFO [Log]: X
10-10-2021 19:12:19 INFO [Log]: *****************************************************************
10-10-2021 19:12:19 INFO [Log]: **********TC01_ChannelNewsAsia************
10-10-2021 19:12:19 INFO [Log]: ******************************************************************
10-10-2021 19:12:19 INFO [Log]: Project Path is :C:\AutomationCatalogue\Eclipse\EclipseWorkspace\SquareShift_SagarChakilala
10-10-2021 19:12:20 INFO [Log]: Browser window maximized
10-10-2021 19:12:26 INFO [Log]: Complete webpage is loaded
10-10-2021 19:12:26 INFO [Log]: Headline Title is :One week grace period for vaccination-differentiated entry measures at shopping malls to be implemented
10-10-2021 19:12:32 INFO [Log]: Healine new item title is clicked
10-10-2021 19:12:32 INFO [Log]: Browser is closed...!!!
10-10-2021 19:12:32 INFO [Log]: XXX---------E-N-D--------------XXX
10-10-2021 19:12:32 INFO [Log]: X
10-10-2021 19:12:32 INFO [Log]: X
10-10-2021 19:44:22 INFO [Log]: *****************************************************************
10-10-2021 19:44:22 INFO [Log]: **********TC01_ChannelNewsAsia************
10-10-2021 19:44:22 INFO [Log]: ******************************************************************
10-10-2021 19:44:22 INFO [Log]: Project Path is :C:\AutomationCatalogue\Eclipse\EclipseWorkspace\SquareShift_SagarChakilala
10-10-2021 19:44:23 INFO [Log]: Browser window maximized
10-10-2021 19:44:29 INFO [Log]: Complete webpage is loaded
10-10-2021 19:44:29 INFO [Log]: Headline Title is :One week grace period for vaccination-differentiated entry measures at shopping malls to be implemented
10-10-2021 19:44:34 INFO [Log]: Healine new item title is clicked
10-10-2021 19:44:34 INFO [Log]: Complete webpage is loaded
10-10-2021 19:44:34 INFO [Log]: Expected Headline new item title page is loaded
10-10-2021 19:44:34 INFO [Log]: Scrolled Down till the bottom of the page
10-10-2021 19:44:34 INFO [Log]: Complete webpage is loaded
10-10-2021 19:44:34 INFO [Log]: Browser is closed...!!!
10-10-2021 19:44:34 INFO [Log]: XXX---------E-N-D--------------XXX
10-10-2021 19:44:34 INFO [Log]: X
10-10-2021 19:44:34 INFO [Log]: X
10-10-2021 19:44:51 INFO [Log]: *****************************************************************
10-10-2021 19:44:51 INFO [Log]: **********TC01_ChannelNewsAsia************
10-10-2021 19:44:51 INFO [Log]: ******************************************************************
10-10-2021 19:44:51 INFO [Log]: Project Path is :C:\AutomationCatalogue\Eclipse\EclipseWorkspace\SquareShift_SagarChakilala
10-10-2021 19:44:52 INFO [Log]: Browser window maximized
10-10-2021 19:44:57 INFO [Log]: Complete webpage is loaded
10-10-2021 19:44:57 INFO [Log]: Headline Title is :One week grace period for vaccination-differentiated entry measures at shopping malls to be implemented
10-10-2021 19:45:08 INFO [Log]: Healine new item title is clicked
10-10-2021 19:45:08 INFO [Log]: Complete webpage is loaded
10-10-2021 19:45:08 INFO [Log]: Expected Headline new item title page is loaded
10-10-2021 19:45:08 INFO [Log]: Scrolled Down till the bottom of the page
10-10-2021 19:45:08 INFO [Log]: Complete webpage is loaded
10-10-2021 19:45:08 INFO [Log]: Browser is closed...!!!
10-10-2021 19:45:08 INFO [Log]: XXX---------E-N-D--------------XXX
10-10-2021 19:45:08 INFO [Log]: X
10-10-2021 19:45:08 INFO [Log]: X
10-10-2021 20:01:45 INFO [Log]: *****************************************************************
10-10-2021 20:01:45 INFO [Log]: **********TC01_ChannelNewsAsia************
10-10-2021 20:01:45 INFO [Log]: ******************************************************************
10-10-2021 20:01:45 INFO [Log]: Project Path is :C:\AutomationCatalogue\Eclipse\EclipseWorkspace\SquareShift_SagarChakilala
10-10-2021 20:01:47 INFO [Log]: Browser window maximized
10-10-2021 20:01:51 INFO [Log]: Complete webpage is loaded
10-10-2021 20:01:51 INFO [Log]: Headline Title is :One week grace period for vaccination-differentiated entry measures at shopping malls to be implemented
10-10-2021 20:01:57 INFO [Log]: Healine new item title is clicked
10-10-2021 20:01:58 INFO [Log]: Complete webpage is loaded
10-10-2021 20:01:58 INFO [Log]: Expected Headline new item title page is loaded
10-10-2021 20:01:59 INFO [Log]: Scrolled Down till the bottom of the page
10-10-2021 20:01:59 INFO [Log]: Browser is closed...!!!
10-10-2021 20:01:59 INFO [Log]: XXX---------E-N-D--------------XXX
10-10-2021 20:01:59 INFO [Log]: X
10-10-2021 20:01:59 INFO [Log]: X
10-10-2021 20:10:31 INFO [Log]: *****************************************************************
10-10-2021 20:10:31 INFO [Log]: **********TC01_ChannelNewsAsia************
10-10-2021 20:10:31 INFO [Log]: ******************************************************************
10-10-2021 20:10:31 INFO [Log]: Project Path is :C:\AutomationCatalogue\Eclipse\EclipseWorkspace\SquareShift_SagarChakilala
10-10-2021 20:10:32 INFO [Log]: Browser window maximized
10-10-2021 20:10:37 INFO [Log]: Complete webpage is loaded
10-10-2021 20:10:37 INFO [Log]: Headline Title is :One week grace period for vaccination-differentiated entry measures at shopping malls to be implemented
10-10-2021 20:10:42 INFO [Log]: Healine new item title is clicked
10-10-2021 20:10:42 INFO [Log]: Complete webpage is loaded
10-10-2021 20:10:42 INFO [Log]: Expected Headline new item title page is loaded
10-10-2021 20:10:43 INFO [Log]: Scrolled Down till the bottom of the page
10-10-2021 20:10:44 INFO [Log]: Scrolled Down till the bottom of the page
10-10-2021 20:10:45 INFO [Log]: Browser is closed...!!!
10-10-2021 20:10:45 INFO [Log]: XXX---------E-N-D--------------XXX
10-10-2021 20:10:45 INFO [Log]: X
10-10-2021 20:10:45 INFO [Log]: X
10-10-2021 20:13:01 INFO [Log]: *****************************************************************
10-10-2021 20:13:01 INFO [Log]: **********TC01_ChannelNewsAsia************
10-10-2021 20:13:01 INFO [Log]: ******************************************************************
10-10-2021 20:13:01 INFO [Log]: Project Path is :C:\AutomationCatalogue\Eclipse\EclipseWorkspace\SquareShift_SagarChakilala
10-10-2021 20:13:02 INFO [Log]: Browser window maximized
10-10-2021 20:13:08 INFO [Log]: Complete webpage is loaded
10-10-2021 20:13:08 INFO [Log]: Headline Title is :One week grace period for vaccination-differentiated entry measures at shopping malls to be implemented
10-10-2021 20:13:28 INFO [Log]: Healine new item title is clicked
10-10-2021 20:13:28 INFO [Log]: Complete webpage is loaded
10-10-2021 20:13:28 INFO [Log]: Expected Headline new item title page is loaded
10-10-2021 20:13:29 INFO [Log]: Scrolled Down till the bottom of the page
10-10-2021 20:13:30 INFO [Log]: Scrolled Down till the bottom of the page
10-10-2021 20:13:32 INFO [Log]: Second New Item - Expand to read the full Story link is clicked
10-10-2021 20:13:32 INFO [Log]: Browser is closed...!!!
10-10-2021 20:13:32 INFO [Log]: XXX---------E-N-D--------------XXX
10-10-2021 20:13:32 INFO [Log]: X
10-10-2021 20:13:32 INFO [Log]: X
10-10-2021 23:33:53 INFO [Log]: *****************************************************************
10-10-2021 23:33:53 INFO [Log]: **********TC01_ChannelNewsAsia************
10-10-2021 23:33:53 INFO [Log]: ******************************************************************
10-10-2021 23:33:53 INFO [Log]: Project Path is :C:\AutomationCatalogue\Eclipse\EclipseWorkspace\SquareShift_SagarChakilala
10-10-2021 23:33:55 INFO [Log]: Browser window maximized
10-10-2021 23:34:01 INFO [Log]: Complete webpage is loaded
10-10-2021 23:34:01 INFO [Log]: Headline Title is :Singapore reports 2,809 new COVID-19 cases; 9 more deaths
10-10-2021 23:34:01 INFO [Log]: Browser is closed...!!!
10-10-2021 23:34:01 INFO [Log]: XXX---------E-N-D--------------XXX
10-10-2021 23:34:01 INFO [Log]: X
10-10-2021 23:34:01 INFO [Log]: X
10-10-2021 23:34:46 INFO [Log]: *****************************************************************
10-10-2021 23:34:46 INFO [Log]: **********TC01_ChannelNewsAsia************
10-10-2021 23:34:46 INFO [Log]: ******************************************************************
10-10-2021 23:34:46 INFO [Log]: Project Path is :C:\AutomationCatalogue\Eclipse\EclipseWorkspace\SquareShift_SagarChakilala
10-10-2021 23:34:48 INFO [Log]: Browser window maximized
10-10-2021 23:34:54 INFO [Log]: Complete webpage is loaded
10-10-2021 23:34:54 INFO [Log]: Headline Title is :Singapore reports 2,809 new COVID-19 cases; 9 more deaths
10-10-2021 23:35:12 INFO [Log]: Healine new item title is clicked
10-10-2021 23:35:12 INFO [Log]: Complete webpage is loaded
10-10-2021 23:35:12 INFO [Log]: Expected Headline new item title page is loaded
10-10-2021 23:35:13 INFO [Log]: Scrolled Down till the bottom of the page
10-10-2021 23:35:14 INFO [Log]: Scrolled Down till the bottom of the page
10-10-2021 23:35:35 INFO [Log]: Browser is closed...!!!
10-10-2021 23:35:35 INFO [Log]: XXX---------E-N-D--------------XXX
10-10-2021 23:35:35 INFO [Log]: X
10-10-2021 23:35:35 INFO [Log]: X
11-10-2021 06:36:53 INFO [Log]: *****************************************************************
11-10-2021 06:36:53 INFO [Log]: **********TC01_ChannelNewsAsia************
11-10-2021 06:36:53 INFO [Log]: ******************************************************************
11-10-2021 06:36:53 INFO [Log]: Project Path is :C:\AutomationCatalogue\Eclipse\EclipseWorkspace\SquareShift_SagarChakilala
11-10-2021 06:36:55 INFO [Log]: Browser window maximized
11-10-2021 06:37:01 INFO [Log]: Complete webpage is loaded
11-10-2021 06:37:01 INFO [Log]: Headline Title is :Her dying wish was to see her children in India. A TTSH team made it come true
11-10-2021 06:37:01 INFO [Log]: Browser is closed...!!!
11-10-2021 06:37:01 INFO [Log]: XXX---------E-N-D--------------XXX
11-10-2021 06:37:01 INFO [Log]: X
11-10-2021 06:37:01 INFO [Log]: X
11-10-2021 06:38:09 INFO [Log]: *****************************************************************
11-10-2021 06:38:09 INFO [Log]: **********TC01_ChannelNewsAsia************
11-10-2021 06:38:09 INFO [Log]: ******************************************************************
11-10-2021 06:38:09 INFO [Log]: Project Path is :C:\AutomationCatalogue\Eclipse\EclipseWorkspace\SquareShift_SagarChakilala
11-10-2021 06:38:10 INFO [Log]: Browser window maximized
11-10-2021 06:38:16 INFO [Log]: Complete webpage is loaded
11-10-2021 06:38:16 INFO [Log]: Headline Title is :Her dying wish was to see her children in India. A TTSH team made it come true
11-10-2021 06:38:20 INFO [Log]: Healine new item title is clicked
11-10-2021 06:38:20 INFO [Log]: Complete webpage is loaded
11-10-2021 06:38:20 INFO [Log]: Expected Headline new item title page is loaded
11-10-2021 06:38:21 INFO [Log]: Scrolled Down till the bottom of the page
11-10-2021 06:38:22 INFO [Log]: Scrolled Down till the bottom of the page
11-10-2021 06:38:24 INFO [Log]: Second New Item - Expand to read the full Story link is clicked
11-10-2021 06:38:24 INFO [Log]: Browser is closed...!!!
11-10-2021 06:38:24 INFO [Log]: XXX---------E-N-D--------------XXX
11-10-2021 06:38:24 INFO [Log]: X
11-10-2021 06:38:24 INFO [Log]: X
11-10-2021 06:44:34 INFO [Log]: *****************************************************************
11-10-2021 06:44:34 INFO [Log]: **********TC01_ChannelNewsAsia************
11-10-2021 06:44:34 INFO [Log]: ******************************************************************
11-10-2021 06:44:34 INFO [Log]: Project Path is :C:\AutomationCatalogue\Eclipse\EclipseWorkspace\SquareShift_SagarChakilala
11-10-2021 06:44:35 INFO [Log]: Browser window maximized
11-10-2021 06:44:40 INFO [Log]: Complete webpage is loaded
11-10-2021 06:44:40 INFO [Log]: Headline Title is :Her dying wish was to see her children in India. A TTSH team made it come true
11-10-2021 06:44:44 INFO [Log]: Healine new item title is clicked
11-10-2021 06:44:44 INFO [Log]: Complete webpage is loaded
11-10-2021 06:44:44 INFO [Log]: Expected Headline new item title page is loaded
11-10-2021 06:44:45 INFO [Log]: Scrolled Down till the bottom of the page
11-10-2021 06:44:46 INFO [Log]: Scrolled Down till the bottom of the page
11-10-2021 06:44:49 INFO [Log]: Second New Item - Expand to read the full Story link is clicked
11-10-2021 06:44:49 INFO [Log]: Browser is closed...!!!
11-10-2021 06:44:49 INFO [Log]: XXX---------E-N-D--------------XXX
11-10-2021 06:44:49 INFO [Log]: X
11-10-2021 06:44:49 INFO [Log]: X
11-10-2021 06:47:26 INFO [Log]: *****************************************************************
11-10-2021 06:47:26 INFO [Log]: **********TC01_ChannelNewsAsia************
11-10-2021 06:47:26 INFO [Log]: ******************************************************************
11-10-2021 06:47:26 INFO [Log]: Project Path is :C:\AutomationCatalogue\Eclipse\EclipseWorkspace\SquareShift_SagarChakilala
11-10-2021 06:47:27 INFO [Log]: Browser window maximized
11-10-2021 06:47:33 INFO [Log]: Complete webpage is loaded
11-10-2021 06:47:33 INFO [Log]: Headline Title is :Her dying wish was to see her children in India. A TTSH team made it come true
11-10-2021 06:47:37 INFO [Log]: Healine new item title is clicked
11-10-2021 06:47:37 INFO [Log]: Complete webpage is loaded
11-10-2021 06:47:37 INFO [Log]: Expected Headline new item title page is loaded
11-10-2021 06:47:38 INFO [Log]: Scrolled Down till the bottom of the page
11-10-2021 06:47:39 INFO [Log]: Scrolled Down till the bottom of the page
11-10-2021 06:47:41 INFO [Log]: Second New Item - Expand to read the full Story link is clicked
11-10-2021 06:47:41 INFO [Log]: Browser is closed...!!!
11-10-2021 06:47:41 INFO [Log]: XXX---------E-N-D--------------XXX
11-10-2021 06:47:41 INFO [Log]: X
11-10-2021 06:47:41 INFO [Log]: X
11-10-2021 06:51:28 INFO [Log]: *****************************************************************
11-10-2021 06:51:28 INFO [Log]: **********TC01_ChannelNewsAsia************
11-10-2021 06:51:28 INFO [Log]: ******************************************************************
11-10-2021 06:51:28 INFO [Log]: Project Path is :C:\AutomationCatalogue\Eclipse\EclipseWorkspace\SquareShift_SagarChakilala
11-10-2021 06:51:30 INFO [Log]: Browser window maximized
11-10-2021 06:51:54 INFO [Log]: Complete webpage is loaded
11-10-2021 06:51:54 INFO [Log]: Headline Title is :Her dying wish was to see her children in India. A TTSH team made it come true
11-10-2021 06:51:59 INFO [Log]: Healine new item title is clicked
11-10-2021 06:51:59 INFO [Log]: Complete webpage is loaded
11-10-2021 06:51:59 INFO [Log]: Expected Headline new item title page is loaded
11-10-2021 06:52:00 INFO [Log]: Scrolled Down till the bottom of the page
11-10-2021 06:52:01 INFO [Log]: Scrolled Down till the bottom of the page
11-10-2021 06:52:03 INFO [Log]: Second New Item - Expand to read the full Story link is clicked
11-10-2021 06:52:03 INFO [Log]: Expected Title is :'Long 100 days': Sydney reopens as Australia looks to live with COVID-19
11-10-2021 06:52:03 INFO [Log]: Actual Title is :The Big Read: Screen time all the time — the unspoken effects of COVID-19 on digital addiction
11-10-2021 06:52:06 INFO [Log]: Browser is closed...!!!
11-10-2021 06:52:06 INFO [Log]: XXX---------E-N-D--------------XXX
11-10-2021 06:52:06 INFO [Log]: X
11-10-2021 06:52:06 INFO [Log]: X
11-10-2021 06:53:57 INFO [Log]: *****************************************************************
11-10-2021 06:53:57 INFO [Log]: **********TC01_ChannelNewsAsia************
11-10-2021 06:53:57 INFO [Log]: ******************************************************************
11-10-2021 06:53:57 INFO [Log]: Project Path is :C:\AutomationCatalogue\Eclipse\EclipseWorkspace\SquareShift_SagarChakilala
11-10-2021 06:53:59 INFO [Log]: Browser window maximized
11-10-2021 06:54:03 INFO [Log]: Complete webpage is loaded
11-10-2021 06:54:03 INFO [Log]: Headline Title is :Her dying wish was to see her children in India. A TTSH team made it come true
11-10-2021 06:54:07 INFO [Log]: Healine new item title is clicked
11-10-2021 06:54:07 INFO [Log]: Complete webpage is loaded
11-10-2021 06:54:07 INFO [Log]: Expected Headline new item title page is loaded
11-10-2021 06:54:08 INFO [Log]: Scrolled Down till the bottom of the page
11-10-2021 06:54:09 INFO [Log]: Scrolled Down till the bottom of the page
11-10-2021 06:54:11 INFO [Log]: Second New Item - Expand to read the full Story link is clicked
11-10-2021 06:54:11 INFO [Log]: Expected Title is :The Big Read: Screen time all the time — the unspoken effects of COVID-19 on digital addiction
11-10-2021 06:54:11 INFO [Log]: Actual Title is :The Big Read: Screen time all the time — the unspoken effects of COVID-19 on digital addiction
11-10-2021 06:54:13 INFO [Log]: Verified the Second News Item title
11-10-2021 06:54:13 INFO [Log]: Browser is closed...!!!
11-10-2021 06:54:13 INFO [Log]: XXX---------E-N-D--------------XXX
11-10-2021 06:54:13 INFO [Log]: X
11-10-2021 06:54:13 INFO [Log]: X
11-10-2021 07:16:13 INFO [Log]: *****************************************************************
11-10-2021 07:16:13 INFO [Log]: **********TC02_ChannelNewsAsia_InternationalEdition************
11-10-2021 07:16:13 INFO [Log]: ******************************************************************
11-10-2021 07:16:13 INFO [Log]: Project Path is :C:\AutomationCatalogue\Eclipse\EclipseWorkspace\SquareShift_SagarChakilala
11-10-2021 07:16:14 INFO [Log]: Browser window maximized
11-10-2021 07:16:23 INFO [Log]: Singapore category is clicked
11-10-2021 07:16:23 INFO [Log]: Headline Title is :Her dying wish was to see her children in India. A TTSH team made it come true
11-10-2021 07:16:28 INFO [Log]: Healine new item title is clicked
11-10-2021 07:16:28 INFO [Log]: Complete webpage is loaded
11-10-2021 07:16:28 INFO [Log]: Expected Headline new item title page is loaded
11-10-2021 07:16:29 INFO [Log]: Scrolled Down till the bottom of the page
11-10-2021 07:16:30 INFO [Log]: Scrolled Down till the bottom of the page
11-10-2021 07:16:31 INFO [Log]: Second New Item - Expand to read the full Story link is clicked
11-10-2021 07:16:31 INFO [Log]: Expected Title is :The Big Read: Screen time all the time — the unspoken effects of COVID-19 on digital addiction
11-10-2021 07:16:31 INFO [Log]: Actual Title is :Aerospace companies looking to fill 1,000 jobs in Singapore over next two years: Tan See Leng
11-10-2021 07:16:35 INFO [Log]: Browser is closed...!!!
11-10-2021 07:16:35 INFO [Log]: XXX---------E-N-D--------------XXX
11-10-2021 07:16:35 INFO [Log]: X
11-10-2021 07:16:35 INFO [Log]: X
11-10-2021 07:34:15 INFO [Log]: *****************************************************************
11-10-2021 07:34:15 INFO [Log]: **********TC02_ChannelNewsAsia_InternationalEdition************
11-10-2021 07:34:15 INFO [Log]: ******************************************************************
11-10-2021 07:34:15 INFO [Log]: Project Path is :C:\AutomationCatalogue\Eclipse\EclipseWorkspace\SquareShift_SagarChakilala
11-10-2021 07:34:16 INFO [Log]: Browser window maximized
11-10-2021 07:34:37 INFO [Log]: *****************************************************************
11-10-2021 07:34:37 INFO [Log]: **********TC02_ChannelNewsAsia_InternationalEdition************
11-10-2021 07:34:37 INFO [Log]: ******************************************************************
11-10-2021 07:34:37 INFO [Log]: Project Path is :C:\AutomationCatalogue\Eclipse\EclipseWorkspace\SquareShift_SagarChakilala
11-10-2021 07:34:38 INFO [Log]: Browser window maximized
11-10-2021 07:34:50 INFO [Log]: Singapore category is clicked
11-10-2021 07:34:50 INFO [Log]: Headline Title is :Her dying wish was to see her children in India. A TTSH team made it come true
11-10-2021 07:34:55 INFO [Log]: Healine new item title is clicked
11-10-2021 07:34:55 INFO [Log]: Complete webpage is loaded
11-10-2021 07:34:55 INFO [Log]: Expected Headline new item title page is loaded
11-10-2021 07:34:56 INFO [Log]: Scrolled Down till the bottom of the page
11-10-2021 07:34:57 INFO [Log]: Scrolled Down till the bottom of the page
11-10-2021 07:34:59 INFO [Log]: Second New Item - Expand to read the full Story link is clicked
11-10-2021 07:34:59 INFO [Log]: Expected Title is :The Big Read: Screen time all the time — the unspoken effects of COVID-19 on digital addiction
11-10-2021 07:34:59 INFO [Log]: Actual Title is :Aerospace companies looking to fill 1,000 jobs in Singapore over next two years: Tan See Leng
11-10-2021 07:35:04 INFO [Log]: Browser is closed...!!!
11-10-2021 07:35:04 INFO [Log]: XXX---------E-N-D--------------XXX
11-10-2021 07:35:04 INFO [Log]: X
11-10-2021 07:35:04 INFO [Log]: X
11-10-2021 08:18:42 INFO [Log]: *****************************************************************
11-10-2021 08:18:42 INFO [Log]: **********TC02_ChannelNewsAsia_InternationalEdition************
11-10-2021 08:18:42 INFO [Log]: ******************************************************************
11-10-2021 08:18:42 INFO [Log]: Project Path is :C:\AutomationCatalogue\Eclipse\EclipseWorkspace\SquareShift_SagarChakilala
11-10-2021 08:18:44 INFO [Log]: Browser window maximized
11-10-2021 08:18:52 INFO [Log]: Singapore category is clicked
11-10-2021 08:18:52 INFO [Log]: Headline Title is :Her dying wish was to see her children in India. A TTSH team made it come true
11-10-2021 08:19:03 INFO [Log]: Healine new item title is clicked
11-10-2021 08:19:03 INFO [Log]: Complete webpage is loaded
11-10-2021 08:19:03 INFO [Log]: Expected Headline new item title page is loaded
11-10-2021 08:19:04 INFO [Log]: Scrolled Down till the bottom of the page
11-10-2021 08:19:05 INFO [Log]: Scrolled Down till the bottom of the page
11-10-2021 08:19:06 INFO [Log]: Second New Item - Expand to read the full Story link is clicked
11-10-2021 08:19:06 INFO [Log]: Expected Title is :The Big Read: Screen time all the time — the unspoken effects of COVID-19 on digital addiction
11-10-2021 08:19:06 INFO [Log]: Actual Title is :Aerospace companies looking to fill 1,000 jobs in Singapore over next two years: Tan See Leng
11-10-2021 08:19:09 INFO [Log]: Browser is closed...!!!
11-10-2021 08:19:09 INFO [Log]: XXX---------E-N-D--------------XXX
11-10-2021 08:19:09 INFO [Log]: X
11-10-2021 08:19:09 INFO [Log]: X
11-10-2021 08:20:36 INFO [Log]: *****************************************************************
11-10-2021 08:20:36 INFO [Log]: **********TC02_ChannelNewsAsia_InternationalEdition************
11-10-2021 08:20:36 INFO [Log]: ******************************************************************
11-10-2021 08:20:36 INFO [Log]: Project Path is :C:\AutomationCatalogue\Eclipse\EclipseWorkspace\SquareShift_SagarChakilala
11-10-2021 08:20:37 INFO [Log]: Browser window maximized
11-10-2021 08:20:45 INFO [Log]: Singapore category is clicked
11-10-2021 08:20:46 INFO [Log]: Headline Title is :Her dying wish was to see her children in India. A TTSH team made it come true
11-10-2021 08:20:50 INFO [Log]: Healine new item title is clicked
11-10-2021 08:20:50 INFO [Log]: Complete webpage is loaded
11-10-2021 08:20:50 INFO [Log]: Expected Headline new item title page is loaded
11-10-2021 08:20:51 INFO [Log]: Scrolled Down till the bottom of the page
11-10-2021 08:20:52 INFO [Log]: Scrolled Down till the bottom of the page
11-10-2021 08:20:54 INFO [Log]: Second New Item - Expand to read the full Story link is clicked
11-10-2021 08:20:54 INFO [Log]: Expected Title is :The Big Read: Screen time all the time — the unspoken effects of COVID-19 on digital addiction
11-10-2021 08:20:54 INFO [Log]: Actual Title is :Aerospace companies looking to fill 1,000 jobs in Singapore over next two years: Tan See Leng
11-10-2021 08:20:57 INFO [Log]: Browser is closed...!!!
11-10-2021 08:20:57 INFO [Log]: XXX---------E-N-D--------------XXX
11-10-2021 08:20:57 INFO [Log]: X
11-10-2021 08:20:57 INFO [Log]: X
11-10-2021 08:21:26 INFO [Log]: *****************************************************************
11-10-2021 08:21:26 INFO [Log]: **********TC02_ChannelNewsAsia_InternationalEdition************
11-10-2021 08:21:26 INFO [Log]: ******************************************************************
11-10-2021 08:21:26 INFO [Log]: Project Path is :C:\AutomationCatalogue\Eclipse\EclipseWorkspace\SquareShift_SagarChakilala
11-10-2021 08:21:27 INFO [Log]: Browser window maximized
11-10-2021 08:21:35 INFO [Log]: Singapore category is clicked
11-10-2021 08:21:35 INFO [Log]: Headline Title is :Her dying wish was to see her children in India. A TTSH team made it come true
11-10-2021 08:21:40 INFO [Log]: Healine new item title is clicked
11-10-2021 08:21:40 INFO [Log]: Complete webpage is loaded
11-10-2021 08:21:40 INFO [Log]: Expected Headline new item title page is loaded
11-10-2021 08:21:41 INFO [Log]: Scrolled Down till the bottom of the page
11-10-2021 08:21:42 INFO [Log]: Scrolled Down till the bottom of the page
11-10-2021 08:21:43 INFO [Log]: Second New Item - Expand to read the full Story link is clicked
11-10-2021 08:21:43 INFO [Log]: Expected Title is :The Big Read: Screen time all the time — the unspoken effects of COVID-19 on digital addiction
11-10-2021 08:21:43 INFO [Log]: Actual Title is :Aerospace companies looking to fill 1,000 jobs in Singapore over next two years: Tan See Leng
11-10-2021 08:21:46 INFO [Log]: Verified the Second News Item title
11-10-2021 08:21:46 INFO [Log]: Browser is closed...!!!
11-10-2021 08:21:46 INFO [Log]: XXX---------E-N-D--------------XXX
11-10-2021 08:21:46 INFO [Log]: X
11-10-2021 08:21:46 INFO [Log]: X
11-10-2021 08:41:30 INFO [Log]: *****************************************************************
11-10-2021 08:41:30 INFO [Log]: **********TC03_ChannelNewsAsia_SingaporeWeather************
11-10-2021 08:41:30 INFO [Log]: ******************************************************************
11-10-2021 08:41:30 INFO [Log]: Project Path is :C:\AutomationCatalogue\Eclipse\EclipseWorkspace\SquareShift_SagarChakilala
11-10-2021 08:41:32 INFO [Log]: Browser window maximized
11-10-2021 08:41:38 INFO [Log]: All Sections link is clicked
11-10-2021 08:41:43 INFO [Log]: Weather link from the menu is clicked
11-10-2021 08:41:43 INFO [Log]: Max Temp is :34°
11-10-2021 08:41:43 INFO [Log]: Min Temp is :25°
11-10-2021 08:41:43 INFO [Log]: Weather Condition is :Partly Cloudy (Day)
11-10-2021 08:41:43 INFO [Log]: Browser is closed...!!!
11-10-2021 08:41:43 INFO [Log]: XXX---------E-N-D--------------XXX
11-10-2021 08:41:43 INFO [Log]: X
11-10-2021 08:41:43 INFO [Log]: X
